This file contains any messages produced by compilers while
running configure, to aid debugging if configure makes a mistake.

It was created by mosh configure 1.2.4, which was
generated by GNU Autoconf 2.69.  Invocation command line was

  $ ./configure 

## --------- ##
## Platform. ##
## --------- ##

hostname = KELLY-PC
uname -m = i686
uname -r = 1.7.18(0.263/5/3)
uname -s = CYGWIN_NT-6.1
uname -v = 2013-04-19 10:39

/usr/bin/uname -p = unknown
/bin/uname -X     = unknown

/bin/arch              = i686
/usr/bin/arch -k       = unknown
/usr/convex/getsysinfo = unknown
/usr/bin/hostinfo      = unknown
/bin/machine           = unknown
/usr/bin/oslevel       = unknown
/bin/universe          = unknown

PATH: /usr/local/bin
PATH: /usr/bin
PATH: /cygdrive/d/Python27
PATH: /cygdrive/d/Python27/Scripts
PATH: /cygdrive/d/Program Files/NVIDIA Corporation/PhysX/Common
PATH: /cygdrive/d/Windows/system32
PATH: /cygdrive/d/Windows
PATH: /cygdrive/d/Windows/System32/Wbem
PATH: /cygdrive/d/Windows/System32/WindowsPowerShell/v1.0
PATH: /cygdrive/d/Ryan/Desktop/Utilities
PATH: /cygdrive/d/Program Files/Microsoft/Web Platform Installer
PATH: /cygdrive/d/Program Files/Common Files/GTK/2.0/bin
PATH: /cygdrive/d/Users/Ryan/Desktop/cygwin/bin
PATH: /cygdrive/d/Program Files/GTK2-Runtime/bin
PATH: /cygdrive/d/Users/Ryan/AppData/Roaming/Python/Scripts,C
PATH: /cygwin/bin
PATH: /home/Ryan/bin
PATH: /home/Ryan/pgsql/bin/
PATH: /home/Ryan/.rvm/bin


## ----------- ##
## Core tests. ##
## ----------- ##

configure:2606: checking for a BSD-compatible install
configure:2674: result: /usr/bin/install -c
configure:2685: checking whether build environment is sane
configure:2735: result: yes
configure:2876: checking for a thread-safe mkdir -p
configure:2915: result: /usr/bin/mkdir -p
configure:2928: checking for gawk
configure:2944: found /usr/bin/gawk
configure:2955: result: gawk
configure:2966: checking whether make sets $(MAKE)
configure:2992: result: no
configure:3079: checking whether make supports nested variables
configure:3096: result: no
configure:3161: checking for gcc
configure:3191: result: no
configure:3254: checking for cc
configure:3301: result: no
configure:3357: checking for cl.exe
configure:3387: result: no
configure:3411: error: in `/home/Ryan/bin/mosh/mosh-1.2.4':
configure:3413: error: no acceptable C compiler found in $PATH
See `config.log' for more details

## ---------------- ##
## Cache variables. ##
## ---------------- ##

ac_cv_env_CCC_set=
ac_cv_env_CCC_value=
ac_cv_env_CC_set=
ac_cv_env_CC_value=
ac_cv_env_CFLAGS_set=
ac_cv_env_CFLAGS_value=
ac_cv_env_CPPFLAGS_set=
ac_cv_env_CPPFLAGS_value=
ac_cv_env_CPP_set=
ac_cv_env_CPP_value=
ac_cv_env_CURSES_LIB_set=
ac_cv_env_CURSES_LIB_value=
ac_cv_env_CXXFLAGS_set=
ac_cv_env_CXXFLAGS_value=
ac_cv_env_CXX_set=
ac_cv_env_CXX_value=
ac_cv_env_LDFLAGS_set=
ac_cv_env_LDFLAGS_value=
ac_cv_env_LIBS_set=
ac_cv_env_LIBS_value=
ac_cv_env_OPENSSL_CFLAGS_set=
ac_cv_env_OPENSSL_CFLAGS_value=
ac_cv_env_OPENSSL_LIBS_set=
ac_cv_env_OPENSSL_LIBS_value=
ac_cv_env_PKG_CONFIG_LIBDIR_set=
ac_cv_env_PKG_CONFIG_LIBDIR_value=
ac_cv_env_PKG_CONFIG_PATH_set=
ac_cv_env_PKG_CONFIG_PATH_value=
ac_cv_env_PKG_CONFIG_set=
ac_cv_env_PKG_CONFIG_value=
ac_cv_env_TINFO_CFLAGS_set=
ac_cv_env_TINFO_CFLAGS_value=
ac_cv_env_TINFO_CPPFLAGS_set=
ac_cv_env_TINFO_CPPFLAGS_value=
ac_cv_env_TINFO_LDFLAGS_set=
ac_cv_env_TINFO_LDFLAGS_value=
ac_cv_env_TINFO_LIBS_set=
ac_cv_env_TINFO_LIBS_value=
ac_cv_env_build_alias_set=
ac_cv_env_build_alias_value=
ac_cv_env_host_alias_set=
ac_cv_env_host_alias_value=
ac_cv_env_protobuf_CFLAGS_set=
ac_cv_env_protobuf_CFLAGS_value=
ac_cv_env_protobuf_LIBS_set=
ac_cv_env_protobuf_LIBS_value=
ac_cv_env_target_alias_set=
ac_cv_env_target_alias_value=
ac_cv_path_install='/usr/bin/install -c'
ac_cv_path_mkdir=/usr/bin/mkdir
ac_cv_prog_AWK=gawk
ac_cv_prog_make_make_set=no
am_cv_make_support_nested_variables=no

## ----------------- ##
## Output variables. ##
## ----------------- ##

ACLOCAL='${SHELL} /home/Ryan/bin/mosh/mosh-1.2.4/missing --run aclocal-1.11'
AMDEPBACKSLASH=''
AMDEP_FALSE=''
AMDEP_TRUE=''
AMTAR='$${TAR-tar}'
AM_BACKSLASH='\'
AM_DEFAULT_V='0'
AM_DEFAULT_VERBOSITY='0'
AM_V='0'
AR=''
AUTOCONF='${SHELL} /home/Ryan/bin/mosh/mosh-1.2.4/missing --run autoconf'
AUTOHEADER='${SHELL} /home/Ryan/bin/mosh/mosh-1.2.4/missing --run autoheader'
AUTOMAKE='${SHELL} /home/Ryan/bin/mosh/mosh-1.2.4/missing --run automake-1.11'
AWK='gawk'
BUILD_CLIENT_FALSE=''
BUILD_CLIENT_TRUE=''
BUILD_EXAMPLES_FALSE=''
BUILD_EXAMPLES_TRUE=''
BUILD_SERVER_FALSE=''
BUILD_SERVER_TRUE=''
CC=''
CCDEPMODE=''
CFLAGS=''
CPP=''
CPPFLAGS=''
CURSES_LIB=''
CXX=''
CXXDEPMODE=''
CXXFLAGS=''
CYGPATH_W='cygpath -w'
DEFS=''
DEPDIR=''
ECHO_C=''
ECHO_N='-n'
ECHO_T=''
EGREP=''
EXEEXT=''
GREP=''
HARDEN_CFLAGS=''
HARDEN_LDFLAGS=''
INSTALL_COMPLETION_FALSE=''
INSTALL_COMPLETION_TRUE=''
INSTALL_DATA='${INSTALL} -m 644'
INSTALL_PROGRAM='${INSTALL}'
INSTALL_SCRIPT='${INSTALL}'
INSTALL_STRIP_PROGRAM='$(install_sh) -c -s'
INSTALL_UFW_FALSE=''
INSTALL_UFW_TRUE=''
LDFLAGS=''
LIBOBJS=''
LIBS=''
LIBUTIL=''
LTLIBOBJS=''
MAKEINFO='${SHELL} /home/Ryan/bin/mosh/mosh-1.2.4/missing --run makeinfo'
MISC_CXXFLAGS=''
MKDIR_P='/usr/bin/mkdir -p'
OBJEXT=''
OPENSSL_CFLAGS=''
OPENSSL_LIBS=''
PACKAGE='mosh'
PACKAGE_BUGREPORT='mosh-devel@mit.edu'
PACKAGE_NAME='mosh'
PACKAGE_STRING='mosh 1.2.4'
PACKAGE_TARNAME='mosh'
PACKAGE_URL=''
PACKAGE_VERSION='1.2.4'
PATH_SEPARATOR=':'
PICKY_CXXFLAGS=''
PKG_CONFIG=''
PKG_CONFIG_LIBDIR=''
PKG_CONFIG_PATH=''
PROTOC=''
RANLIB=''
SET_MAKE='MAKE=make'
SHELL='/bin/sh'
STRIP=''
TINFO_CFLAGS=''
TINFO_CPPFLAGS=''
TINFO_LDFLAGS=''
TINFO_LIBS=''
VERSION='1.2.4'
WARNING_CXXFLAGS=''
ac_ct_AR=''
ac_ct_CC=''
ac_ct_CXX=''
am__EXEEXT_FALSE=''
am__EXEEXT_TRUE=''
am__fastdepCC_FALSE=''
am__fastdepCC_TRUE=''
am__fastdepCXX_FALSE=''
am__fastdepCXX_TRUE=''
am__include=''
am__isrc=''
am__leading_dot='.'
am__nodep=''
am__quote=''
am__tar='$${TAR-tar} chof - "$$tardir"'
am__untar='$${TAR-tar} xf -'
bindir='${exec_prefix}/bin'
build_alias=''
datadir='${datarootdir}'
datarootdir='${prefix}/share'
docdir='${datarootdir}/doc/${PACKAGE_TARNAME}'
dvidir='${docdir}'
exec_prefix='NONE'
host_alias=''
htmldir='${docdir}'
includedir='${prefix}/include'
infodir='${datarootdir}/info'
install_sh='${SHELL} /home/Ryan/bin/mosh/mosh-1.2.4/install-sh'
libdir='${exec_prefix}/lib'
libexecdir='${exec_prefix}/libexec'
localedir='${datarootdir}/locale'
localstatedir='${prefix}/var'
mandir='${datarootdir}/man'
mkdir_p='/usr/bin/mkdir -p'
oldincludedir='/usr/include'
pdfdir='${docdir}'
prefix='NONE'
program_transform_name='s,x,x,'
protobuf_CFLAGS=''
protobuf_LIBS=''
psdir='${docdir}'
sbindir='${exec_prefix}/sbin'
sharedstatedir='${prefix}/com'
sysconfdir='${prefix}/etc'
target_alias=''

## ----------- ##
## confdefs.h. ##
## ----------- ##

/* confdefs.h */
#define PACKAGE_NAME "mosh"
#define PACKAGE_TARNAME "mosh"
#define PACKAGE_VERSION "1.2.4"
#define PACKAGE_STRING "mosh 1.2.4"
#define PACKAGE_BUGREPORT "mosh-devel@mit.edu"
#define PACKAGE_URL ""
#define PACKAGE "mosh"
#define VERSION "1.2.4"

configure: exit 1
